TN:
SF:/Applications/MAMP/htdocs/www/dv/acharts/acharts/achart-canvas/src/base.js
FN:11,(anonymous_1)
FN:71,(anonymous_2)
FN:78,(anonymous_3)
FN:89,(anonymous_4)
FN:97,(anonymous_5)
FN:104,(anonymous_6)
FN:114,(anonymous_7)
FN:132,(anonymous_8)
FN:136,(anonymous_9)
FN:151,(anonymous_10)
FN:169,(anonymous_11)
FN:175,(anonymous_12)
FN:176,(anonymous_13)
FN:194,(anonymous_14)
FN:199,(anonymous_15)
FN:205,(anonymous_16)
FN:216,(anonymous_17)
FN:228,(anonymous_18)
FN:243,(anonymous_19)
FN:257,(anonymous_20)
FN:263,(anonymous_21)
FN:281,(anonymous_22)
FN:296,(anonymous_23)
FN:304,(anonymous_24)
FN:311,(anonymous_25)
FN:318,(anonymous_26)
FN:334,(anonymous_27)
FNF:27
FNH:27
FNDA:160,(anonymous_1)
FNDA:160,(anonymous_2)
FNDA:697,(anonymous_3)
FNDA:3045,(anonymous_4)
FNDA:2,(anonymous_5)
FNDA:1,(anonymous_6)
FNDA:2,(anonymous_7)
FNDA:17,(anonymous_8)
FNDA:2,(anonymous_9)
FNDA:8,(anonymous_10)
FNDA:5,(anonymous_11)
FNDA:6,(anonymous_12)
FNDA:6,(anonymous_13)
FNDA:3,(anonymous_14)
FNDA:1,(anonymous_15)
FNDA:11,(anonymous_16)
FNDA:5,(anonymous_17)
FNDA:1,(anonymous_18)
FNDA:3,(anonymous_19)
FNDA:152,(anonymous_20)
FNDA:160,(anonymous_21)
FNDA:1446,(anonymous_22)
FNDA:1,(anonymous_23)
FNDA:152,(anonymous_24)
FNDA:160,(anonymous_25)
FNDA:3,(anonymous_26)
FNDA:23,(anonymous_27)
DA:2,1
DA:11,1
DA:12,160
DA:13,160
DA:17,160
DA:18,160
DA:19,160
DA:20,160
DA:21,160
DA:26,1
DA:65,1
DA:72,160
DA:79,697
DA:80,697
DA:81,1
DA:83,697
DA:90,3045
DA:98,2
DA:105,1
DA:106,1
DA:107,1
DA:109,1
DA:115,2
DA:116,2
DA:117,1
DA:119,2
DA:133,17
DA:135,17
DA:136,1
DA:137,2
DA:139,1
DA:141,16
DA:142,5
DA:144,11
DA:152,8
DA:157,8
DA:158,8
DA:159,8
DA:161,8
DA:162,8
DA:170,5
DA:174,5
DA:175,4
DA:176,6
DA:177,6
DA:180,4
DA:181,4
DA:183,1
DA:185,1
DA:186,1
DA:188,1
DA:195,3
DA:198,3
DA:199,1
DA:200,1
DA:206,11
DA:210,11
DA:211,7
DA:213,11
DA:217,5
DA:220,5
DA:221,3
DA:223,2
DA:225,5
DA:229,1
DA:234,1
DA:235,0
DA:237,1
DA:238,1
DA:240,1
DA:244,3
DA:246,3
DA:247,3
DA:248,3
DA:249,0
DA:264,160
DA:270,160
DA:272,160
DA:273,160
DA:274,160
DA:275,160
DA:276,160
DA:277,160
DA:278,1
DA:281,160
DA:282,1446
DA:283,1446
DA:284,3
DA:288,160
DA:319,3
DA:320,3
DA:322,3
DA:323,3
DA:324,3
DA:325,3
DA:327,3
DA:328,3
DA:335,23
DA:340,23
DA:341,2
DA:343,21
DA:344,21
DA:345,21
DA:346,21
DA:351,1
LF:105
LH:103
BRDA:20,1,0,160
BRDA:20,1,1,0
BRDA:80,2,0,1
BRDA:80,2,1,696
BRDA:106,3,0,1
BRDA:106,3,1,0
BRDA:116,4,0,1
BRDA:116,4,1,1
BRDA:135,5,0,1
BRDA:135,5,1,16
BRDA:141,6,0,5
BRDA:141,6,1,11
BRDA:158,7,0,8
BRDA:158,7,1,0
BRDA:174,8,0,4
BRDA:174,8,1,1
BRDA:185,9,0,1
BRDA:185,9,1,0
BRDA:198,10,0,1
BRDA:198,10,1,2
BRDA:208,11,0,11
BRDA:208,11,1,0
BRDA:210,12,0,7
BRDA:210,12,1,4
BRDA:220,13,0,3
BRDA:220,13,1,2
BRDA:223,14,0,2
BRDA:223,14,1,2
BRDA:232,15,0,0
BRDA:232,15,1,1
BRDA:234,16,0,0
BRDA:234,16,1,1
BRDA:237,17,0,1
BRDA:237,17,1,0
BRDA:246,18,0,3
BRDA:246,18,1,0
BRDA:248,19,0,0
BRDA:248,19,1,3
BRDA:270,20,0,160
BRDA:270,20,1,0
BRDA:277,21,0,1
BRDA:277,21,1,159
BRDA:283,22,0,3
BRDA:283,22,1,1443
BRDA:319,23,0,3
BRDA:319,23,1,0
BRDA:323,24,0,3
BRDA:323,24,1,0
BRDA:327,25,0,3
BRDA:327,25,1,0
BRDA:340,26,0,2
BRDA:340,26,1,21
BRDA:343,27,0,21
BRDA:343,27,1,21
BRF:54
BRH:40
end_of_record
TN:
SF:/Applications/MAMP/htdocs/www/dv/acharts/acharts/achart-canvas/src/canvas.js
FN:17,(anonymous_1)
FN:53,(anonymous_2)
FN:56,(anonymous_3)
FN:74,(anonymous_4)
FN:87,(anonymous_5)
FN:102,(anonymous_6)
FN:127,(anonymous_7)
FNF:7
FNH:7
FNDA:1,(anonymous_1)
FNDA:6,(anonymous_2)
FNDA:1,(anonymous_3)
FNDA:2,(anonymous_4)
FNDA:1,(anonymous_5)
FNDA:2,(anonymous_6)
FNDA:1,(anonymous_7)
DA:2,1
DA:17,1
DA:18,1
DA:21,1
DA:46,1
DA:48,1
DA:54,6
DA:57,1
DA:63,1
DA:65,1
DA:66,1
DA:67,1
DA:75,2
DA:76,2
DA:77,2
DA:88,1
DA:89,1
DA:103,2
DA:109,2
DA:110,1
DA:111,1
DA:113,1
DA:115,1
DA:116,1
DA:119,2
DA:128,1
DA:131,1
DA:132,0
DA:133,0
DA:135,1
DA:137,1
DA:138,1
DA:141,1
DA:145,1
LF:34
LH:32
BRDA:109,1,0,1
BRDA:109,1,1,1
BRDA:131,2,0,0
BRDA:131,2,1,1
BRF:4
BRH:3
end_of_record
TN:
SF:/Applications/MAMP/htdocs/www/dv/acharts/acharts/achart-canvas/src/canvasitem.js
FN:13,(anonymous_1)
FN:21,(anonymous_2)
FN:28,(anonymous_3)
FN:37,(anonymous_4)
FN:43,(anonymous_5)
FN:55,(anonymous_6)
FN:62,(anonymous_7)
FN:69,(anonymous_8)
FNF:8
FNH:3
FNDA:0,(anonymous_1)
FNDA:0,(anonymous_2)
FNDA:0,(anonymous_3)
FNDA:1,(anonymous_4)
FNDA:1,(anonymous_5)
FNDA:1,(anonymous_6)
FNDA:0,(anonymous_7)
FNDA:0,(anonymous_8)
DA:6,1
DA:13,1
DA:17,1
DA:22,0
DA:23,0
DA:29,0
DA:30,0
DA:38,1
DA:40,1
DA:41,1
DA:44,1
DA:46,1
DA:56,1
DA:57,1
DA:63,0
DA:64,0
DA:70,0
DA:71,0
DA:75,1
LF:19
LH:11
BRF:0
BRH:0
end_of_record
TN:
SF:/Applications/MAMP/htdocs/www/dv/acharts/acharts/achart-canvas/src/container.js
FN:13,(anonymous_1)
FN:31,(anonymous_2)
FN:38,(anonymous_3)
FN:45,(anonymous_4)
FN:58,(anonymous_5)
FN:85,(anonymous_6)
FN:108,(anonymous_7)
FN:129,(anonymous_8)
FN:140,(anonymous_9)
FN:147,(anonymous_10)
FN:154,(anonymous_11)
FN:161,(anonymous_12)
FN:169,(anonymous_13)
FN:171,(anonymous_14)
FN:178,(anonymous_15)
FN:183,(anonymous_16)
FN:189,(anonymous_17)
FN:193,(anonymous_18)
FN:208,(anonymous_19)
FN:212,(anonymous_20)
FN:230,(anonymous_21)
FN:231,(anonymous_22)
FN:238,(anonymous_23)
FN:242,(anonymous_24)
FN:254,(anonymous_25)
FNF:25
FNH:23
FNDA:8,(anonymous_1)
FNDA:8,(anonymous_2)
FNDA:0,(anonymous_3)
FNDA:152,(anonymous_4)
FNDA:152,(anonymous_5)
FNDA:7,(anonymous_6)
FNDA:3,(anonymous_7)
FNDA:159,(anonymous_8)
FNDA:10,(anonymous_9)
FNDA:8,(anonymous_10)
FNDA:5,(anonymous_11)
FNDA:4,(anonymous_12)
FNDA:20,(anonymous_13)
FNDA:727,(anonymous_14)
FNDA:1,(anonymous_15)
FNDA:3,(anonymous_16)
FNDA:3,(anonymous_17)
FNDA:0,(anonymous_18)
FNDA:38,(anonymous_19)
FNDA:728,(anonymous_20)
FNDA:1,(anonymous_21)
FNDA:1,(anonymous_22)
FNDA:6,(anonymous_23)
FNDA:18,(anonymous_24)
FNDA:3,(anonymous_25)
DA:1,1
DA:13,1
DA:15,8
DA:18,1
DA:20,1
DA:28,1
DA:32,8
DA:46,152
DA:47,152
DA:48,152
DA:50,0
DA:59,152
DA:63,152
DA:64,13
DA:65,13
DA:67,139
DA:73,152
DA:74,152
DA:75,152
DA:76,152
DA:77,152
DA:78,152
DA:86,7
DA:87,3
DA:88,3
DA:90,7
DA:97,7
DA:98,7
DA:99,7
DA:100,7
DA:109,3
DA:110,0
DA:112,3
DA:115,3
DA:116,3
DA:117,0
DA:119,3
DA:120,3
DA:122,3
DA:130,159
DA:132,159
DA:133,159
DA:141,10
DA:148,8
DA:155,5
DA:162,4
DA:170,20
DA:171,20
DA:172,727
DA:179,1
DA:182,1
DA:183,1
DA:184,3
DA:186,3
DA:189,1
DA:190,3
DA:193,0
DA:194,0
DA:196,0
DA:197,0
DA:209,38
DA:212,38
DA:213,728
DA:214,17
DA:216,711
DA:217,17
DA:219,728
DA:220,22
DA:223,38
DA:231,1
DA:232,1
DA:239,6
DA:242,6
DA:243,18
DA:245,6
DA:246,6
DA:247,0
DA:249,6
DA:255,3
DA:259,3
DA:260,1
DA:262,2
DA:264,2
DA:270,1
LF:84
LH:76
BRDA:47,1,0,152
BRDA:47,1,1,0
BRDA:63,2,0,13
BRDA:63,2,1,139
BRDA:86,3,0,3
BRDA:86,3,1,4
BRDA:97,4,0,7
BRDA:97,4,1,7
BRDA:109,5,0,0
BRDA:109,5,1,3
BRDA:116,6,0,0
BRDA:116,6,1,3
BRDA:116,7,0,3
BRDA:116,7,1,0
BRDA:119,8,0,3
BRDA:119,8,1,0
BRDA:182,9,0,1
BRDA:182,9,1,0
BRDA:184,10,0,3
BRDA:184,10,1,0
BRDA:185,11,0,3
BRDA:185,11,1,0
BRDA:196,12,0,0
BRDA:196,12,1,0
BRDA:213,13,0,17
BRDA:213,13,1,711
BRDA:216,14,0,17
BRDA:216,14,1,694
BRDA:219,15,0,22
BRDA:219,15,1,706
BRDA:245,16,0,6
BRDA:245,16,1,6
BRDA:246,17,0,0
BRDA:246,17,1,6
BRDA:246,18,0,6
BRDA:246,18,1,0
BRDA:249,19,0,6
BRDA:249,19,1,1
BRDA:259,20,0,1
BRDA:259,20,1,2
BRF:40
BRH:28
end_of_record
TN:
SF:/Applications/MAMP/htdocs/www/dv/acharts/acharts/achart-canvas/src/group.js
FN:15,(anonymous_1)
FN:44,(anonymous_2)
FN:60,(anonymous_3)
FN:64,(anonymous_4)
FN:80,(anonymous_5)
FN:89,(anonymous_6)
FN:96,(anonymous_7)
FN:116,(anonymous_8)
FN:126,(anonymous_9)
FN:146,(anonymous_10)
FN:181,(anonymous_11)
FN:198,(anonymous_12)
FN:207,(anonymous_13)
FNF:13
FNH:13
FNDA:7,(anonymous_1)
FNDA:7,(anonymous_2)
FNDA:7,(anonymous_3)
FNDA:7,(anonymous_4)
FNDA:2,(anonymous_5)
FNDA:1,(anonymous_6)
FNDA:1,(anonymous_7)
FNDA:4,(anonymous_8)
FNDA:1,(anonymous_9)
FNDA:2,(anonymous_10)
FNDA:1,(anonymous_11)
FNDA:7,(anonymous_12)
FNDA:1,(anonymous_13)
DA:2,1
DA:6,1
DA:15,1
DA:16,7
DA:19,1
DA:32,1
DA:35,1
DA:37,1
DA:45,7
DA:49,7
DA:50,7
DA:51,7
DA:52,7
DA:55,7
DA:56,7
DA:57,7
DA:61,7
DA:65,7
DA:68,7
DA:69,1
DA:71,6
DA:72,6
DA:81,2
DA:84,2
DA:85,2
DA:86,2
DA:90,1
DA:96,1
DA:97,1
DA:100,1
DA:101,1
DA:103,1
DA:104,1
DA:108,1
DA:109,1
DA:110,1
DA:111,1
DA:113,1
DA:117,4
DA:119,4
DA:127,1
DA:129,1
DA:147,2
DA:151,2
DA:152,2
DA:153,2
DA:154,2
DA:156,2
DA:157,0
DA:159,2
DA:160,0
DA:162,2
DA:163,0
DA:165,2
DA:166,0
DA:168,2
DA:170,0
DA:172,2
DA:173,2
DA:182,1
DA:185,1
DA:186,1
DA:188,0
DA:191,1
DA:192,1
DA:199,7
DA:201,7
DA:208,1
DA:214,1
LF:69
LH:63
BRDA:49,1,0,7
BRDA:49,1,1,0
BRDA:51,2,0,7
BRDA:51,2,1,0
BRDA:68,3,0,1
BRDA:68,3,1,6
BRDA:68,4,0,7
BRDA:68,4,1,6
BRDA:69,5,0,1
BRDA:69,5,1,0
BRDA:69,6,0,1
BRDA:69,6,1,0
BRDA:71,7,0,6
BRDA:71,7,1,6
BRDA:72,8,0,6
BRDA:72,8,1,6
BRDA:82,9,0,2
BRDA:82,9,1,1
BRDA:83,10,0,2
BRDA:83,10,1,1
BRDA:100,11,0,1
BRDA:100,11,1,0
BRDA:103,12,0,1
BRDA:103,12,1,0
BRDA:129,13,0,1
BRDA:129,13,1,1
BRDA:151,14,0,2
BRDA:151,14,1,0
BRDA:153,15,0,2
BRDA:153,15,1,0
BRDA:156,16,0,0
BRDA:156,16,1,2
BRDA:159,17,0,0
BRDA:159,17,1,2
BRDA:162,18,0,0
BRDA:162,18,1,2
BRDA:165,19,0,0
BRDA:165,19,1,2
BRDA:183,20,0,1
BRDA:183,20,1,0
BRDA:184,21,0,1
BRDA:184,21,1,0
BRDA:185,22,0,1
BRDA:185,22,1,0
BRF:44
BRH:29
end_of_record
TN:
SF:/Applications/MAMP/htdocs/www/dv/acharts/acharts/achart-canvas/src/raphealgroup.js
FN:8,(anonymous_1)
FN:17,(anonymous_2)
FN:25,(anonymous_3)
FN:37,(anonymous_4)
FN:46,createNode
FN:49,(anonymous_6)
FN:60,(anonymous_7)
FN:63,(anonymous_8)
FN:72,(anonymous_9)
FN:76,(anonymous_10)
FN:82,(anonymous_11)
FN:95,(anonymous_12)
FN:99,(anonymous_13)
FN:111,(anonymous_14)
FN:119,(anonymous_15)
FN:125,(anonymous_16)
FN:130,(anonymous_17)
FN:138,(anonymous_18)
FN:141,(anonymous_19)
FN:149,(anonymous_20)
FNF:20
FNH:7
FNDA:7,(anonymous_1)
FNDA:0,(anonymous_2)
FNDA:7,(anonymous_3)
FNDA:1,(anonymous_4)
FNDA:7,createNode
FNDA:7,(anonymous_6)
FNDA:134,(anonymous_7)
FNDA:134,(anonymous_8)
FNDA:0,(anonymous_9)
FNDA:0,(anonymous_10)
FNDA:0,(anonymous_11)
FNDA:0,(anonymous_12)
FNDA:0,(anonymous_13)
FNDA:0,(anonymous_14)
FNDA:0,(anonymous_15)
FNDA:0,(anonymous_16)
FNDA:0,(anonymous_17)
FNDA:0,(anonymous_18)
FNDA:0,(anonymous_19)
FNDA:0,(anonymous_20)
DA:1,1
DA:8,1
DA:9,7
DA:10,7
DA:11,7
DA:17,1
DA:18,0
DA:19,0
DA:25,1
DA:26,7
DA:32,1
DA:34,1
DA:37,1
DA:38,1
DA:40,1
DA:41,1
DA:45,1
DA:46,1
DA:47,7
DA:49,1
DA:50,7
DA:51,7
DA:52,7
DA:53,7
DA:54,7
DA:60,1
DA:61,134
DA:63,134
DA:64,134
DA:66,134
DA:71,1
DA:72,0
DA:73,0
DA:76,0
DA:77,0
DA:81,0
DA:82,0
DA:83,0
DA:84,0
DA:85,0
DA:87,0
DA:88,0
DA:92,0
DA:95,0
DA:96,0
DA:99,0
DA:100,0
DA:101,0
DA:102,0
DA:105,0
DA:106,0
DA:108,0
DA:111,0
DA:112,0
DA:115,0
DA:116,0
DA:119,0
DA:120,0
DA:121,0
DA:122,0
DA:125,0
DA:127,0
DA:130,0
DA:131,0
DA:132,0
DA:138,0
DA:139,0
DA:140,0
DA:141,0
DA:142,0
DA:145,0
DA:149,0
DA:150,0
DA:151,0
DA:152,0
DA:153,0
DA:154,0
DA:156,0
LF:78
LH:29
BRDA:10,1,0,7
BRDA:10,1,1,0
BRDA:45,2,0,1
BRDA:45,2,1,0
BRDA:51,3,0,7
BRDA:51,3,1,7
BRDA:71,4,0,0
BRDA:71,4,1,1
BRDA:81,5,0,0
BRDA:81,5,1,0
BRDA:84,6,0,0
BRDA:84,6,1,0
BRDA:87,7,0,0
BRDA:87,7,1,0
BRDA:101,8,0,0
BRDA:101,8,1,0
BRDA:105,9,0,0
BRDA:105,9,1,0
BRDA:113,10,0,0
BRDA:113,10,1,0
BRDA:114,11,0,0
BRDA:114,11,1,0
BRDA:128,12,0,0
BRDA:128,12,1,0
BRDA:129,13,0,0
BRDA:129,13,1,0
BRDA:140,14,0,0
BRDA:140,14,1,0
BRF:28
BRH:5
end_of_record
TN:
SF:/Applications/MAMP/htdocs/www/dv/acharts/acharts/achart-canvas/src/shape.js
FN:13,(anonymous_1)
FN:34,(anonymous_2)
FN:58,(anonymous_3)
FN:70,(anonymous_4)
FN:78,(anonymous_5)
FN:87,(anonymous_6)
FN:105,(anonymous_7)
FN:117,(anonymous_8)
FN:122,(anonymous_9)
FN:129,(anonymous_10)
FN:142,(anonymous_11)
FN:151,(anonymous_12)
FN:158,(anonymous_13)
FN:162,(anonymous_14)
FN:171,(anonymous_15)
FN:175,(anonymous_16)
FN:178,(anonymous_17)
FN:198,(anonymous_18)
FN:229,(anonymous_19)
FN:271,(anonymous_20)
FN:306,(anonymous_21)
FN:328,(anonymous_22)
FN:362,(anonymous_23)
FN:368,(anonymous_24)
FN:373,(anonymous_25)
FN:380,(anonymous_26)
FN:383,(anonymous_27)
FN:387,(anonymous_28)
FN:390,(anonymous_29)
FN:394,(anonymous_30)
FN:397,(anonymous_31)
FN:401,(anonymous_32)
FN:404,(anonymous_33)
FN:412,points2path
FN:424,(anonymous_35)
FN:444,(anonymous_36)
FN:454,(anonymous_37)
FN:469,(anonymous_38)
FN:489,(anonymous_39)
FN:499,(anonymous_40)
FN:514,(anonymous_41)
FN:555,(anonymous_42)
FN:574,(anonymous_43)
FN:591,(anonymous_44)
FN:631,(anonymous_45)
FN:635,(anonymous_46)
FN:639,(anonymous_47)
FN:643,(anonymous_48)
FN:649,(anonymous_49)
FN:662,(anonymous_50)
FN:669,(anonymous_51)
FN:673,(anonymous_52)
FN:680,(anonymous_53)
FN:684,(anonymous_54)
FN:691,(anonymous_55)
FN:694,(anonymous_56)
FN:698,(anonymous_57)
FN:722,(anonymous_58)
FN:750,(anonymous_59)
FN:773,(anonymous_60)
FN:803,(anonymous_61)
FNF:61
FNH:42
FNDA:152,(anonymous_1)
FNDA:152,(anonymous_2)
FNDA:152,(anonymous_3)
FNDA:22,(anonymous_4)
FNDA:2,(anonymous_5)
FNDA:1,(anonymous_6)
FNDA:1,(anonymous_7)
FNDA:0,(anonymous_8)
FNDA:1,(anonymous_9)
FNDA:20,(anonymous_10)
FNDA:0,(anonymous_11)
FNDA:6,(anonymous_12)
FNDA:0,(anonymous_13)
FNDA:0,(anonymous_14)
FNDA:1,(anonymous_15)
FNDA:0,(anonymous_16)
FNDA:0,(anonymous_17)
FNDA:6,(anonymous_18)
FNDA:8,(anonymous_19)
FNDA:1,(anonymous_20)
FNDA:127,(anonymous_21)
FNDA:121,(anonymous_22)
FNDA:121,(anonymous_23)
FNDA:2,(anonymous_24)
FNDA:0,(anonymous_25)
FNDA:0,(anonymous_26)
FNDA:1,(anonymous_27)
FNDA:0,(anonymous_28)
FNDA:1,(anonymous_29)
FNDA:0,(anonymous_30)
FNDA:0,(anonymous_31)
FNDA:0,(anonymous_32)
FNDA:0,(anonymous_33)
FNDA:1,points2path
FNDA:0,(anonymous_35)
FNDA:0,(anonymous_36)
FNDA:0,(anonymous_37)
FNDA:1,(anonymous_38)
FNDA:0,(anonymous_39)
FNDA:1,(anonymous_40)
FNDA:2,(anonymous_41)
FNDA:1,(anonymous_42)
FNDA:1,(anonymous_43)
FNDA:7,(anonymous_44)
FNDA:4,(anonymous_45)
FNDA:1,(anonymous_46)
FNDA:1,(anonymous_47)
FNDA:1,(anonymous_48)
FNDA:1,(anonymous_49)
FNDA:1,(anonymous_50)
FNDA:2,(anonymous_51)
FNDA:1,(anonymous_52)
FNDA:1,(anonymous_53)
FNDA:1,(anonymous_54)
FNDA:1,(anonymous_55)
FNDA:0,(anonymous_56)
FNDA:3,(anonymous_57)
FNDA:0,(anonymous_58)
FNDA:7,(anonymous_59)
FNDA:9,(anonymous_60)
FNDA:1,(anonymous_61)
DA:1,1
DA:13,1
DA:14,152
DA:17,1
DA:21,1
DA:24,1
DA:26,1
DA:36,152
DA:41,152
DA:42,152
DA:43,152
DA:44,152
DA:45,152
DA:47,152
DA:48,152
DA:50,152
DA:51,152
DA:52,1
DA:59,152
DA:63,152
DA:64,152
DA:71,22
DA:72,22
DA:79,2
DA:88,1
DA:89,1
DA:90,0
DA:91,0
DA:92,0
DA:93,0
DA:96,1
DA:106,1
DA:109,1
DA:118,0
DA:120,0
DA:123,1
DA:130,20
DA:133,20
DA:134,0
DA:136,20
DA:143,0
DA:145,0
DA:152,6
DA:155,6
DA:159,0
DA:162,0
DA:163,0
DA:164,0
DA:165,0
DA:168,0
DA:172,1
DA:173,0
DA:174,0
DA:175,0
DA:176,0
DA:177,0
DA:178,0
DA:179,0
DA:180,0
DA:182,0
DA:184,0
DA:187,0
DA:189,1
DA:198,1
DA:199,6
DA:202,1
DA:220,1
DA:222,1
DA:229,1
DA:230,8
DA:233,1
DA:263,1
DA:264,1
DA:271,1
DA:272,1
DA:275,1
DA:298,1
DA:299,1
DA:306,1
DA:307,127
DA:310,1
DA:319,1
DA:321,1
DA:328,1
DA:329,121
DA:332,1
DA:355,1
DA:357,1
DA:363,121
DA:364,121
DA:365,121
DA:369,2
DA:370,2
DA:374,0
DA:376,0
DA:377,0
DA:381,0
DA:384,1
DA:388,0
DA:391,1
DA:395,0
DA:398,0
DA:402,0
DA:405,0
DA:409,1
DA:412,1
DA:413,1
DA:414,1
DA:416,1
DA:424,1
DA:425,0
DA:428,1
DA:440,1
DA:442,1
DA:445,0
DA:448,0
DA:455,0
DA:456,0
DA:457,0
DA:462,1
DA:469,1
DA:470,1
DA:473,1
DA:485,1
DA:487,1
DA:490,0
DA:493,0
DA:500,1
DA:501,1
DA:502,1
DA:507,1
DA:514,1
DA:515,2
DA:518,1
DA:546,1
DA:548,1
DA:555,1
DA:556,1
DA:559,1
DA:561,1
DA:569,1
DA:575,1
DA:576,1
DA:577,1
DA:580,1
DA:584,1
DA:591,1
DA:592,7
DA:595,1
DA:629,1
DA:632,4
DA:636,1
DA:640,1
DA:644,1
DA:646,1
DA:650,1
DA:652,1
DA:658,1
DA:660,1
DA:663,1
DA:666,1
DA:670,2
DA:674,1
DA:677,1
DA:681,1
DA:685,1
DA:688,1
DA:692,1
DA:695,0
DA:699,3
DA:702,3
DA:703,3
DA:708,3
DA:709,3
DA:710,3
DA:712,0
DA:719,0
DA:723,0
DA:727,0
DA:728,0
DA:729,0
DA:730,0
DA:731,0
DA:735,0
DA:737,0
DA:741,0
DA:742,0
DA:751,7
DA:754,7
DA:755,1
DA:756,1
DA:757,1
DA:758,1
DA:759,1
DA:760,0
DA:763,1
DA:767,6
DA:768,6
DA:770,7
DA:774,9
DA:775,1
DA:777,8
DA:779,8
DA:780,0
DA:782,8
DA:785,8
DA:786,8
DA:788,0
DA:794,1
DA:803,1
DA:804,1
DA:807,1
DA:835,1
DA:837,1
DA:839,1
LF:215
LH:156
BRDA:41,1,0,152
BRDA:41,1,1,0
BRDA:51,2,0,1
BRDA:51,2,1,151
BRDA:89,3,0,0
BRDA:89,3,1,1
BRDA:90,4,0,0
BRDA:90,4,1,0
BRDA:90,5,0,0
BRDA:90,5,1,0
BRDA:133,6,0,0
BRDA:133,6,1,20
BRDA:163,7,0,0
BRDA:163,7,1,0
BRDA:172,8,0,0
BRDA:172,8,1,1
BRDA:176,9,0,0
BRDA:176,9,1,0
BRDA:179,10,0,0
BRDA:179,10,1,0
BRDA:413,11,0,1
BRDA:413,11,1,0
BRDA:576,12,0,1
BRDA:576,12,1,0
BRDA:702,13,0,3
BRDA:702,13,1,0
BRDA:727,14,0,0
BRDA:727,14,1,0
BRDA:728,15,0,0
BRDA:728,15,1,0
BRDA:753,16,0,7
BRDA:753,16,1,1
BRDA:754,17,0,1
BRDA:754,17,1,6
BRDA:754,18,0,7
BRDA:754,18,1,6
BRDA:754,18,2,6
BRDA:759,19,0,0
BRDA:759,19,1,1
BRDA:774,20,0,1
BRDA:774,20,1,8
BRDA:774,21,0,9
BRDA:774,21,1,1
BRDA:779,22,0,0
BRDA:779,22,1,8
BRDA:785,23,0,8
BRDA:785,23,1,0
BRF:47
BRH:23
end_of_record
TN:
SF:/Applications/MAMP/htdocs/www/dv/acharts/acharts/achart-canvas/src/util.js
FN:14,animTime
FN:20,next
FN:31,(anonymous_3)
FN:38,stopStep
FN:49,getEventObj
FN:54,(anonymous_6)
FN:57,(anonymous_7)
FN:95,(anonymous_8)
FN:106,(anonymous_9)
FN:127,(anonymous_10)
FN:149,(anonymous_11)
FN:162,(anonymous_12)
FN:175,(anonymous_13)
FN:190,(anonymous_14)
FN:206,(anonymous_15)
FN:219,(anonymous_16)
FN:222,(anonymous_17)
FN:237,(anonymous_18)
FN:244,(anonymous_19)
FN:255,(anonymous_20)
FN:263,(anonymous_21)
FN:276,(anonymous_22)
FN:314,after
FN:326,(anonymous_24)
FN:337,(anonymous_25)
FN:348,(anonymous_26)
FN:357,(anonymous_27)
FN:367,(anonymous_28)
FN:369,(anonymous_29)
FN:385,(anonymous_30)
FN:396,(anonymous_31)
FN:409,(anonymous_32)
FN:421,(anonymous_33)
FNF:33
FNH:23
FNDA:2,animTime
FNDA:40,next
FNDA:38,(anonymous_3)
FNDA:1,stopStep
FNDA:0,getEventObj
FNDA:0,(anonymous_6)
FNDA:0,(anonymous_7)
FNDA:2,(anonymous_8)
FNDA:0,(anonymous_9)
FNDA:1,(anonymous_10)
FNDA:1,(anonymous_11)
FNDA:0,(anonymous_12)
FNDA:0,(anonymous_13)
FNDA:0,(anonymous_14)
FNDA:1,(anonymous_15)
FNDA:8,(anonymous_16)
FNDA:0,(anonymous_17)
FNDA:7,(anonymous_18)
FNDA:1,(anonymous_19)
FNDA:2,(anonymous_20)
FNDA:1,(anonymous_21)
FNDA:0,(anonymous_22)
FNDA:0,after
FNDA:1,(anonymous_24)
FNDA:10,(anonymous_25)
FNDA:1,(anonymous_26)
FNDA:2,(anonymous_27)
FNDA:2,(anonymous_28)
FNDA:7,(anonymous_29)
FNDA:6,(anonymous_30)
FNDA:2,(anonymous_31)
FNDA:1,(anonymous_32)
FNDA:1,(anonymous_33)
DA:1,1
DA:3,1
DA:14,1
DA:15,2
DA:19,2
DA:20,1
DA:21,40
DA:22,40
DA:23,40
DA:24,1
DA:25,1
DA:26,1
DA:29,39
DA:30,39
DA:31,39
DA:32,38
DA:35,2
DA:38,1
DA:39,1
DA:40,1
DA:41,1
DA:47,1
DA:49,1
DA:50,0
DA:51,0
DA:52,0
DA:53,0
DA:54,0
DA:55,0
DA:57,0
DA:58,0
DA:60,0
DA:63,1
DA:74,1
DA:96,2
DA:98,2
DA:99,1
DA:101,2
DA:102,2
DA:103,2
DA:104,2
DA:107,0
DA:110,0
DA:112,0
DA:113,0
DA:114,0
DA:116,0
DA:117,0
DA:118,0
DA:128,1
DA:129,0
DA:131,1
DA:133,1
DA:134,1
DA:135,1
DA:136,1
DA:138,0
DA:141,1
DA:150,1
DA:151,1
DA:152,0
DA:154,1
DA:163,0
DA:164,0
DA:165,0
DA:167,0
DA:176,0
DA:182,0
DA:191,0
DA:197,0
DA:207,1
DA:208,1
DA:210,0
DA:220,8
DA:221,0
DA:222,0
DA:223,0
DA:224,0
DA:226,0
DA:228,8
DA:238,7
DA:239,0
DA:240,0
DA:242,7
DA:245,1
DA:256,2
DA:264,1
DA:279,0
DA:280,0
DA:281,0
DA:283,0
DA:284,0
DA:286,0
DA:287,0
DA:288,0
DA:291,0
DA:292,0
DA:293,0
DA:294,0
DA:296,0
DA:300,0
DA:301,0
DA:303,0
DA:304,0
DA:305,0
DA:306,0
DA:310,0
DA:312,0
DA:314,1
DA:315,0
DA:316,0
DA:327,1
DA:338,10
DA:349,1
DA:358,2
DA:368,2
DA:369,2
DA:370,7
DA:371,7
DA:373,2
DA:375,0
DA:386,6
DA:397,2
DA:398,1
DA:400,2
DA:410,1
DA:412,1
DA:422,1
DA:424,1
DA:429,1
LF:130
LH:70
BRDA:23,1,0,1
BRDA:23,1,1,39
BRDA:25,2,0,1
BRDA:25,2,1,1
BRDA:39,3,0,1
BRDA:39,3,1,0
BRDA:96,4,0,2
BRDA:96,4,1,2
BRDA:98,5,0,1
BRDA:98,5,1,1
BRDA:110,6,0,0
BRDA:110,6,1,0
BRDA:112,7,0,0
BRDA:112,7,1,0
BRDA:113,8,0,0
BRDA:113,8,1,0
BRDA:128,9,0,0
BRDA:128,9,1,1
BRDA:128,10,0,1
BRDA:128,10,1,1
BRDA:133,11,0,1
BRDA:133,11,1,1
BRDA:134,12,0,1
BRDA:134,12,1,0
BRDA:151,13,0,0
BRDA:151,13,1,1
BRDA:164,14,0,0
BRDA:164,14,1,0
BRDA:177,15,0,0
BRDA:177,15,1,0
BRDA:180,16,0,0
BRDA:180,16,1,0
BRDA:192,17,0,0
BRDA:192,17,1,0
BRDA:195,18,0,0
BRDA:195,18,1,0
BRDA:207,19,0,1
BRDA:207,19,1,0
BRDA:220,20,0,0
BRDA:220,20,1,8
BRDA:238,21,0,0
BRDA:238,21,1,7
BRDA:279,22,0,0
BRDA:279,22,1,0
BRDA:283,23,0,0
BRDA:283,23,1,0
BRDA:284,24,0,0
BRDA:284,24,1,0
BRDA:286,25,0,0
BRDA:286,25,1,0
BRDA:292,26,0,0
BRDA:292,26,1,0
BRDA:300,27,0,0
BRDA:300,27,1,0
BRDA:304,28,0,0
BRDA:304,28,1,0
BRDA:316,29,0,0
BRDA:316,29,1,0
BRDA:368,30,0,2
BRDA:368,30,1,0
BRDA:397,31,0,1
BRDA:397,31,1,1
BRDA:397,32,0,2
BRDA:397,32,1,2
BRF:64
BRH:24
end_of_record
